2025-05-23 19:52:16,916 - spizarnia - INFO - Database tables created successfully
2025-05-23 19:55:40,888 - spizarnia - INFO - Database tables created successfully
2025-05-23 19:55:40,888 - spizarnia - INFO - Application started successfully
2025-05-23 20:09:20,933 - spizarnia - INFO - Database tables created successfully
2025-05-23 20:10:45,149 - spizarnia - INFO - Database tables created successfully
2025-05-23 20:10:45,150 - spizarnia - INFO - Application started successfully
2025-05-23 20:11:54,461 - spizarnia - INFO - Database tables created successfully
2025-05-23 20:11:54,462 - spizarnia - INFO - Application started successfully
2025-05-23 20:12:34,391 - spizarnia - INFO - Database tables created successfully
2025-05-23 20:12:34,392 - spizarnia - INFO - Application started successfully
2025-05-23 20:15:53,236 - spizarnia - INFO - Database tables created successfully
2025-05-23 20:15:53,236 - spizarnia - INFO - Application started successfully
2025-05-23 20:18:24,190 - spizarnia - INFO - Database tables created successfully
2025-05-23 20:18:24,190 - spizarnia - INFO - Application started successfully
2025-05-23 20:20:25,875 - spizarnia - INFO - Database tables created successfully
2025-05-23 20:20:25,875 - spizarnia - INFO - Application started successfully
2025-05-23 20:20:30,147 - spizarnia - INFO - Database tables created successfully
2025-05-23 20:20:30,147 - spizarnia - INFO - Application started successfully
2025-05-23 20:22:24,968 - spizarnia - INFO - Database tables created successfully
2025-05-23 20:22:24,968 - spizarnia - INFO - Application started successfully
2025-05-23 20:23:38,456 - spizarnia - INFO - Database tables created successfully
2025-05-23 20:23:38,456 - spizarnia - INFO - Application started successfully
2025-05-23 20:24:39,399 - spizarnia - INFO - Database tables created successfully
2025-05-23 20:24:39,399 - spizarnia - INFO - Application started successfully
2025-05-23 20:25:43,000 - spizarnia - INFO - Database tables created successfully
2025-05-23 20:25:43,000 - spizarnia - INFO - Application started successfully
2025-05-23 20:26:19,889 - spizarnia - INFO - Database tables created successfully
2025-05-23 20:26:19,889 - spizarnia - INFO - Application started successfully
2025-05-23 20:28:12,257 - spizarnia - INFO - Database tables created successfully
2025-05-23 20:28:12,258 - spizarnia - INFO - Application started successfully
2025-05-23 20:29:07,388 - spizarnia - INFO - OCR (PDF) result for receipt 3: Hnuchan HIPERMARKET AUCHAN 05-270 WARSZAWA MARKI AL J .PIŁSUDSKIEGO 1 TEL (0-22) 444 02 22 AUCHAN POLSKA SP_ 2 0 . 0 . UL PUŁAWSKA 4 6 , 05-500 PIASECZNO WWW auchan.pl BDO 000013917 NIP 526-03-09-174
NIEFISKALNY
2025-03-04 ReWtymOplRec551061 1 x3 , 25 3 , 25A NAPOJ GAZ 86851A 1 x4 , 48 4 , 48A PAROWKI JAL 32107c 1   x6, 28 6 , 28C PAPIER TOAL 34663A 1 xl9, 98 19, 98A MIELONE 2 571950c 1 xl0 , 98 10 , 98C SANDWICH P 958560c 1 *5, 39 5 , 39C ORZES ZKI W 4 9235 9C 1   x3 , 99 3 , 99C CIASTO FRA 998924C 1 x5, 99 5 , 99c PASTA MAX F 5282 9A 1 x5, 61 5 , 61A SER MOZZAR 751976c 0 , 304 x33 , 89 10 , 30C AWOKADO 34067c 1  x2, 95 2 , 95C CHIPSY KET 521902c 1 x4, 99 4 , 99C 1 KRAJALNI 691060A 1 x8 , 99 8 , 99A ZIEMNIAK D 581227C 1 x8 , 98 8 , 98C SZAMPON WL 450850 1 xl6, 99 16 , 99A KAPUSTA BIA 27891c 1 , 538 x4 , 4 9 6 , 91c JAJA WOLNY 10372 9C 1 x7, 69 7, 69C BATON PAWE 502905A 1 x2 , 48 2 , 48A Rabat ORZESZKI W 4 92359C -0 80c
SPRZEDAŻ OPODATK . A PTU A 23 , 00 % SPRZEDAŻ OPODATK _ C PTU C 05 , 00 8 SUMA PTU SUMA PLN
61, 78 1l, 55 73 , 65 3 , 51 15, 0 6 135,43
#711 00000711 Karty plat
11 : 56 135, 43 PLN
Udzielono Łącznie rabatów : 0 , 8 0 Nr transakcji: 005 7 Kasa: 711 Kasjer:711
45124711000057030425
2025-05-23 20:30:01,151 - spizarnia - INFO - Odpowiedź modelu Bielik: Hnuchan HIPERMARKET AUCHAN 05-270 WARSZAWA MARKI AL J .PIŁSUDSKIEGO 1 TEL (0-22) 444 02 22 AUCHAN POLSKA SP_ 2 0 . 0 . UL PUŁAWSKA 4 6 , 05-500 PIASECZNO WWW auchan.pl BDO 000013917 NIP 526-03-09-174
NIEFISKALNY
2025-03-04 ReWtymOplRec551061
NAZWA;KATEGORIA;CENA;DATA_WAZNOCII
Napoje gazowe, 86851A;NIVELY;3,25 zł;PUSTY
Paroksy, JAL 32107c;LUBRICACJA;4,48 zł;PUSTY
Papier toaletowy, 34663A;MATERAC;l9,98 zł;PUSTY
Mielona, 2571950c;MIESZANKA;10,98 zł;PUSTY
Sandix, P 958560c;KARTOFEL;5,39 zł;1 marca 2025 r.
Orzech włoski, 492350c;MIĘSO;4,98 zł;PUSTY
Ciasto francuskie, F 998924c;MĄKA;5,99 zł;16 marca 2025 r.
Pasta Max F 5282;ZIARNO;6,17 zł;PUSTY
Ser mozzarella 751976c;MIĘSO;0,304 kg;PUSTY
Awokado, 34067c;KONSERWAT;2,95 zł;1 marca 2025 r.
Chipsy keto, 521902c;SZAMPON;4,99 zł;1 marca 2025 r.
Orzeszki włoskie, 691060A;SAŁATKA;8,99 zł;19 marca 2025 r.
Ziemniaki duszone, D 581227C;MĄKA;8,98 zł;PUSTY
Szampon w płynie, WL 450850;KOSMETYKA;16,99 zł;1 marca 2025 r.
Kapusta biała, 27891c;OLEJ Z GRZESIENIA;l,538 kg;PUSTY
Jaja wolno płynące, l0372;JAJA;7,69 kg;PUSTY
Baton pawe, 502905A;MITERAC;2,48 zł;1 marca 2025 r.
Rabat orzeszki włoskie, -0,80 zł;RABAT;PUSTY
2025-05-23 20:33:15,199 - spizarnia - INFO - Database tables created successfully
2025-05-23 20:33:15,200 - spizarnia - INFO - Application started successfully
2025-05-23 20:34:11,562 - spizarnia - INFO - Database tables created successfully
2025-05-23 20:34:11,563 - spizarnia - INFO - Application started successfully
2025-05-23 20:42:46,648 - spizarnia - INFO - Database tables created successfully
2025-05-23 20:42:46,648 - spizarnia - INFO - Application started successfully
